925203 254571 525
21933 394803 443
511147 612490 470
479638 170957 449
951721 745634 525
802469 676777 504
161958 109381 383
950079 939300 507
976994 172094 525
131374 751456 509
22072 701503 509
978213 204933 525
223649 577409 470
494448 17987 449
825408 114863 509
699952 754213 504
209609 521746 470
759535 425601 509
860115 903172 445
533602 740088 509
855429 334411 525
146427 298997 443
924606 188917 525
322785 508418 449
764630 124352 509
19276 801851 509
87709 25881 351
17563 838650 525
983715 649705 525
658989 272628 509
595377 883348 525
763612 583805 509
925141 200010 525
362451 975333 525
443766 911741 525
941718 544722 525
210168 262502 443
775714 108002 509
515493 433864 470
614058 729436 509
320635 442256 449
557353 903225 525
458031 852664 525
74085 494524 449
812843 469398 509
365998 487887 449
233234 917511 525
443762 369100 449
791730 939005 525
33529 74504 340
373071 344764 441
89791 650045 509
466283 141895 449
112582 530631 470
521633 754615 509
804348 922028 525
799531 318591 509
976803 246508 525
27059 166848 383
272733 509065 449
503931 241310 449
946965 626460 525
454416 774891 509
810436 756292 468
62978 140460 354
624326 455220 470
974666 553331 525
297590 295514 327
802544 546885 509
219146 393860 443
231128 488210 449
379755 18666 443
482215 884806 525
771076 734505 468
341849 94993 443
701508 158046 509
979047 550088 525
417499 341828 449
400723 86740 443
313260 199484 443
525011 59894 470
527675 559806 452
798074 749074 468
492800 671315 509
416810 874496 525
345191 863902 525
292754 545347 470
99825 562825 470
897957 862110 445
450115 865774 525
789685 951974 525
544119 510614 470
888833 901590 401
332313 550521 470
337836 555916 470
93471 49524 351
734394 934622 525
472141 269053 449
347061 389384 436
863797 706245 525
291537 152388 443
721021 841176 525
972589 884536 507
789740 763581 468
632856 19214 509
329489 531734 470
547792 636173 509
583124 696252 509
481559 948757 525
971171 764767 525
831216 973400 525
356430 45420 443
939148 484850 525
796423 87085 509
593809 301961 470
582268 404449 470
780007 696300 504
229345 75512 386
951036 463084 525
158027 504463 449
333750 140320 443
709223 656368 504
489087 289825 449
380177 306134 441
733169 309184 509
132339 51811 354
930572 633135 525
133063 670408 509
399498 338852 441
306405 47075 443
899750 967616 507
645045 640856 416
559053 763427 509
847986 828969 525
247584 768781 509
115107 4771 354
59755 427324 449
478638 17014 449
891180 261952 525
55599 773607 509
776662 845831 525
456819 958050 525
316067 655421 509
348609 778606 509
456726 862360 525
958089 511060 525
414676 930365 525
644458 973479 525
642585 87944 509
558054 304279 470
529601 394489 470
949973 324433 525
934648 601691 525
455992 571650 470
773857 835953 468
424279 577515 470
669219 867870 525
160428 521162 470
947779 626717 525
118956 264735 443
281468 229302 443
404682 798226 509
9652 30928 308
637066 845190 525
988774 352096 525
305638 403776 441
219808 503530 449
134537 540333 470
767161 436067 509
313119 979599 525
477249 718889 509
824829 302707 509
867566 856517 388
501296 393815 449
965756 336250 525
954612 461443 525
708704 980454 525
361592 493978 449
282835 232173 407
200310 104621 383
881518 76524 525
162269 4749 383
820201 417098 509
402127 523785 470
929642 319953 525
162336 536965 470
858139 217061 525
908451 411523 525
496706 160833 449
484936 90441 449
599057 13325 470
315555 605511 470
869219 10234 525
608198 616086 447
764818 934271 525
60369 149196 375
188173 750718 509
80597 837505 509
616885 221328 470
106156 599513 470
734035 467158 509
585314 29759 470
166778 750094 509
112795 595325 470
353500 364371 410
682321 308882 509
317275 369939 441
437882 913618 525
756396 769596 468
714437 907907 525
14670 136968 354
491776 597375 470
690724 873314 525
802275 760128 468
259024 467516 449
906149 166816 525
49186 826206 509
793227 159264 509
717323 974172 525
540178 21106 470
457625 572560 470
302190 37689 443
812038 610053 509
54701 500225 449
125083 988734 525
721430 52832 509
456175 685247 509
879389 923363 476
115920 780373 509
997822 103414 525
2582 672769 509
178421 792171 509
604363 279228 470
714158 540809 509
116201 969217 525
983239 506541 525
49681 279765 443
637040 657018 429
121360 981908 525
804610 77890 509
165110 867698 525
38337 970726 525
227100 304492 443
264085 693505 509
789284 133928 509
96514 412525 449
446113 83508 449
79511 101680 341
258030 909721 525
19345 561093 470
928636 242608 525
855937 304657 525
799245 920218 525
878490 625616 525
855111 38871 525
202960 42076 383
56993 159446 383
636847 174489 509
794036 272152 509
462137 37482 449
872042 245150 525
339655 162497 443
792296 496660 509
855835 424385 525
396458 422358 449
111245 565100 470
862266 110250 525
969628 174329 525
924311 29687 525
42941 527337 470
40652 22922 324
769255 318278 509
188725 249512 443
89488 88526 315
212749 785779 509
77436 126486 354
678507 13739 509
687300 34811 509
225778 123518 386
958032 705286 525
578277 911452 525
287076 851365 525
573516 218201 470
25666 968424 525
243467 643524 509
649823 875777 525
607164 188459 470
527646 417525 470
803917 760347 468
53220 487074 449
202180 234640 443
884237 495211 525
516931 231765 470
522280 778025 509
509051 825747 509
78653 124981 354
391178 360436 436
608783 784261 509
268491 540853 470
640446 228252 509
378541 984780 525
764199 837280 468
546758 66622 470
535526 482897 470
436719 859467 525
252773 881654 525
167854 587295 470
329150 932163 525
6391 375253 443
165620 929945 525
436150 560124 470
780511 59647 509
65577 218565 386
151638 764577 509
93228 973346 525
474334 969337 525
395560 510142 449
606774 943437 525
574585 743269 509
145117 572445 470
769278 635366 504
41572 712665 509
747472 538480 509
662186 255015 509
845609 721941 525
345453 201068 443
710785 500957 509
910231 31158 525
673655 194473 509
586036 816070 509
194520 436967 449
54714 608610 470
815821 632000 504
465313 982268 525
545997 875599 525
458377 385132 449
541743 504949 470
804018 503731 509
234409 169300 443
21299 582000 470
893048 211735 525
476187 85554 449
107217 912962 525
162405 851900 525
111380 948852 525
189376 121549 383
291752 806532 509
342457 116437 443
88701 994392 525
816269 686685 504
623085 1738 470
605652 390682 470
44443 965481 525
726554 865321 525
252588 296812 407
559102 808148 509
852768 912776 476
892560 613654 525
543608 359513 470
860838 257541 525
323709 910722 525
172482 728978 509
501045 945981 525
674372 903679 525
446540 473606 444
748131 3185 509
929746 703941 525
500306 727405 509
149446 329993 443
783469 210450 509
190547 516227 470
111460 639367 509
751261 929826 525
935547 884963 476
451162 372981 449
132931 407907 443
546485 58369 470
157202 216127 373
412521 384354 449
3407 984664 525
187862 439634 449
73031 691379 509
715738 297553 509
701725 496636 509
717072 267261 509
258010 721266 509
530591 274874 470
296982 289882 358
698334 161481 509
125701 57429 354
990599 559380 525
308619 836366 509
514271 624228 452
781992 602228 509
866146 75576 525
155202 523895 470
875846 349917 525
794769 556809 509
590908 796985 509
782896 128604 509
791166 464437 509
348274 382544 423
396376 420980 449
139699 909634 525
91736 566447 470
608262 147215 470
183721 469175 449
559665 134349 470
144706 505750 449
952681 541946 525
468059 524053 470
544181 727706 509
877547 736206 525
832828 824683 419
566741 856260 525
75231 699416 509
561848 35481 470
819923 960067 525
319372 31267 443
7543 653168 509
685230 513278 509
979949 108369 525
925923 462789 525
291698 608473 470
765083 339324 509
255247 556099 470
151890 545996 470
418785 963357 525
512667 111691 470
615441 591340 447
733968 370915 509
295702 240214 407
728675 639951 504
788463 146797 509
672550 8510 509
123366 961589 525
964356 648036 525
491747 406820 449
802283 30131 509
570750 930716 525
450353 803277 509
770648 719261 468
294387 319833 384
676819 84235 509
814075 644425 504
410562 253507 449
293005 640887 509
992224 193356 525
143310 336640 443
302605 701480 509
890494 148936 525
950893 979602 458
911239 332076 525
940062 424796 525
908270 326045 525
315241 767781 509
528972 629812 509
10801 680020 509
228007 349434 443
729558 275885 509
820444 162060 509
215047 109830 383
438324 414341 418
907594 55767 525
178480 387579 443
34529 982514 525
778918 673044 504
791245 487584 509
411834 247647 449
520720 362769 470
943936 447990 525
86363 764248 509
172833 640289 509
215828 122274 383
725966 363125 509
503822 964520 525
7267 245532 443
221828 567154 470
904389 633607 525
934733 331533 525
779836 998928 525
770650 356850 509
763406 141248 509
504895 390477 449
206764 248797 443
522742 201950 470
184733 515 383
774307 341933 509
360652 760833 509
633835 123547 509
994603 497558 525
352767 105774 443
606120 824347 509
199088 683814 509
658281 934118 525
27038 347083 443
586709 775417 509
511285 874789 525
50099 369528 443
878521 41645 525
171497 970356 525
365987 935551 525
980348 717942 525
390120 163725 443
775966 189099 509
770987 394213 509
720654 164954 509
958599 178986 525
336589 410214 449
280195 402719 441
331485 521744 470
533528 114411 470
527534 147435 470
364290 66038 443
487345 87707 449
654515 59289 509
754182 437234 509
102379 770576 509
196423 474335 449
574480 921185 525
868387 638470 525
344608 579610 470
525871 773309 509
229999 294013 443
132411 915045 525
826854 838830 525
376336 397913 436
893387 75138 525
197281 702898 509
238247 343089 407
530054 684376 509
188085 228596 386
54239 509011 449
592410 385559 470
256448 454767 449
714650 595833 509
204857 898858 525
739419 592395 509
436838 24102 449
661043 126699 509
64623 519665 470
11186 680849 509
879510 555439 525
994476 438296 525
842354 477087 525
273266 617221 470
590639 788009 509
932552 643678 525
308682 304996 371
61457 613382 470
71088 18374 340
895162 167162 525
553419 157308 470
507396 144711 449
368757 121918 443
454397 530889 470
623804 515266 452
962562 95507 525
900751 230155 525
82176 988280 525
681811 845744 525
923087 921632 445
58541 2569 340
458178 746530 509
820841 342221 509
263330 919399 525
802808 84462 509
58689 768459 509
680640 446494 509
498061 777544 509
317655 597058 470
41556 519464 470
298132 692852 509
77261 569528 470
417167 746939 509
1310 194994 383
489613 820425 509
708182 657431 504
815384 370906 509
600429 876087 525
975649 240642 525
25267 776236 509
140867 256380 443
461253 815804 509
843362 110868 525
145432 441900 449
233780 841679 525
689197 390646 509
398481 157289 443
622278 290423 470
360081 613047 470
12411 69731 340
947554 369686 525
648816 131060 509
76412 892262 525
179164 416020 449
582430 925648 525
971043 712578 525
973866 838856 507
144782 454907 449
35606 535090 470
618903 19031 470
558827 384292 470
877769 523472 525
365364 717346 509
228762 735752 509
681072 671136 385
66627 730051 509
234580 372271 441
395064 267712 441
721626 531623 509
732147 673876 504
596006 917703 525
638474 915579 525
496139 830325 509
244312 563943 470
932225 160565 525
644181 226360 509
567767 281670 470
68456 201905 383
914436 580454 525
443274 151751 449
34799 190371 383
849396 253188 525
442336 150498 449
817174 526458 509
81238 387102 443
839005 437882 525
612836 666504 509
762177 442393 509
630430 853679 525
282505 664303 509
551436 987422 525
512218 999623 525
367943 528689 470
726531 555505 509
867776 824827 525
233740 798674 509
584757 804617 509
50910 390530 443
992965 759860 525
223598 730450 509
277173 630330 509
669642 521434 509
666489 526072 509
445869 870552 525
69709 964463 525
578469 815266 509
109086 253645 443
845409 377391 525
75442 285928 443
583264 688835 509
969030 609769 525
925317 353167 525
261317 469662 449
794296 133181 509
408893 920689 525
376836 165100 443
424423 834402 509
492487 374487 449
651135 55746 509
255729 159097 443
19671 596289 470
280905 880022 525
545067 424536 470
11332 159669 383
784988 405593 509
954543 280290 525
593491 119266 470
962554 321239 525
581682 626925 509
238210 35388 443
138190 131289 344
324645 923656 525
125602 29609 354
513767 567202 452
322414 17000 443
976943 900486 507
560644 837356 509
837435 788333 468
107803 909126 525
34722 355038 443
300437 860437 525
780410 408692 509
724099 254081 509
336008 297734 384
426032 535249 470
263343 437280 449
959828 832946 525
973162 176012 525
877361 279367 525
952296 7445 525
669881 308701 509
914624 835377 525
748961 239313 509
852257 227350 525
486149 537338 470
379754 239780 441
875311 30508 525
97817 928449 525
451798 826706 509
230284 691751 509
397492 790920 509
259723 650129 509
275349 797554 509
873316 209592 525
111880 971811 525
42374 487908 449
266630 678635 509
679182 504094 509
898512 385273 525
875321 800875 525
899410 634211 525
973309 672028 525
262264 345195 407
20675 246640 443
848162 618313 525
754444 872416 525
336373 568168 470
653076 414612 509
748865 416511 509
421758 737277 509
826022 303753 509
172362 720928 509
845224 536347 525
189216 863136 525
585024 761895 509
598861 236866 470
288834 444056 449
561573 720557 509
920623 308678 525
207380 221894 386
501346 79124 449
448842 555472 470
639745 565015 509
743443 650550 504
291226 202765 443
18173 859412 525
830912 879480 525
240608 932503 525
990534 951728 458
648494 848913 525
773813 987786 525
260093 668903 509
634424 202662 509
806828 805942 344
371106 661988 509
264371 410066 449
580205 483058 470
821085 300947 509
18927 328436 443
598122 678584 509
266731 444281 449
990721 726525 525
816660 861500 525
697672 350448 509
859194 396820 525
169015 94553 383
223133 652671 509
729553 547692 509
486642 145596 449
771550 263743 509
933722 750561 525
958289 65403 525
370061 417710 449
841127 198449 525
103332 87160 341
938996 870358 476
202 308826 443
423079 297560 449
63087 72908 330
963121 286447 525
74450 151936 375
85724 747488 509
263653 249121 407
303369 633819 509
357517 792701 509
330777 361875 441
896128 823388 525
978964 195341 525
703219 781881 504
426707 992483 525
98262 602246 470
237468 705955 509
257610 262590 345
662968 984029 525
312651 838304 525
809181 813000 406
729071 643623 504
770838 797396 468
120227 535564 470
279887 476919 449
723359 376857 509
960868 852514 507
473635 500685 426
470774 142274 449
145232 736482 509
316184 328943 384
296025 945919 525
197872 122442 383
899504 917660 476
442574 369677 449
342511 122709 443
603399 161020 470
294234 630278 509
610522 863020 525
603456 805042 509
862258 581992 525
468085 513179 470
138851 147996 375
643129 118511 509
683688 921448 525
732957 49834 509
765407 619612 509
474274 551179 470
859536 301734 525
413549 878699 525
37940 6673 324
396206 721850 509
112441 655847 509
74637 200022 383
887091 935623 476
710130 825735 468
306934 373842 441
284197 929462 525
788927 823634 468
214421 847137 525
331825 324279 384
748805 389442 509
731970 900803 525
959330 244950 525
212491 40334 383
585641 53509 470
348265 730629 509
116379 523823 470
638434 943742 525
675861 269209 509
6734 202065 383
180191 495480 449
391746 632602 509
32740 93780 351
394263 867928 525
873826 435896 525
878728 587626 525
543433 805000 509
965394 754226 525
941025 119132 525
210283 713964 509
868169 942402 507
238814 285311 407
45511 260580 443
886386 860561 432
466632 301311 449
557075 896759 525
743447 941913 525
733033 42561 509
163044 677987 509
117537 406726 443
554817 826122 509
182104 202968 360
56144 544116 470
858486 322304 525
253983 124531 443
893243 794189 525
304271 955387 525
53365 858686 525
12314 3160 268
484601 927253 525
450179 157479 449
883643 969627 507
145384 338681 443
798147 602935 509
68530 111787 354
227301 869571 525
38499 937903 525
405211 487522 449
821580 243393 509
790069 29233 509
487307 931647 525
127003 111882 349
419899 263240 449
755691 167589 509
642864 817503 504
389419 897630 525
466446 205859 449
449995 7673 449
291668 536347 470
414830 72867 449
808 504213 449
864653 270203 525
493068 930929 525
631653 206074 509
124294 931015 525
63039 600181 470
390216 127141 443
288600 307894 389
148633 733232 509
446713 269346 449
271510 911678 525
21005 802806 509
49664 85611 351
457517 166788 449
545513 314543 470
625402 418710 470
931736 964203 507
908987 867809 445
159838 537081 470
138831 150051 375
389893 77610 443
900553 341231 525
225960 368776 443
336628 658176 509
702849 881262 525
573152 244021 470
895180 354251 525
674189 631621 442
11935 154271 375
61754 826435 509
633352 398612 509
821410 437538 509
456953 896203 525
271554 54642 443
856219 675614 525
343538 628246 509
267639 63005 443
782777 420693 509
852327 202815 525
402199 486691 449
460801 811381 509
676021 963871 525
510026 980632 525
538004 708386 509
696008 225531 509
260929 12509 443
487618 548637 470
29961 384157 443
330099 901128 525
168072 465738 449
908501 489935 525
96722 206582 383
954589 102560 525
583001 706722 509
406419 331906 441
802565 492620 509
603846 619463 447
829098 264268 509
317690 866834 525
582513 534573 452
915046 191271 525
856292 886305 432
284108 659215 509
601038 177939 470
869784 855519 388
928602 650097 525
105214 974718 525
116147 710316 509
597555 690485 509
700495 533557 509
634662 749886 504
736238 33357 509
415345 299716 449
359910 941924 525
405470 843796 525
954321 627741 525
349495 428793 449
227714 479682 449
494564 408071 449
373229 532915 470
193684 677224 509
878572 552153 525
948676 569029 525
283080 186894 443
702281 783332 504
311877 791020 509
817000 416717 509
320368 179161 443
248308 736588 509
196065 505896 449
578685 34693 470
953121 66207 525
416200 26107 449
467854 601744 470
581247 153608 470
156110 922555 525
468714 689179 509
64067 761025 509
973835 738295 525
560951 648202 509
10989 441482 449
289442 441618 449
730999 653413 504
43590 875837 525
626456 833856 504
298977 491089 449
567617 69668 470
972433 806855 525
601810 111480 470
10289 762255 509
757909 305684 509
127034 647070 509
